app1/android/app/build/intermediates/manifest_merge_blame_file/debug/manifest-merger-blame-debug-report.txt
1<?xml version="1.0" encoding="utf-8"?>
2<manifest xmlns:android="http://schemas.android.com/apk/res/android"
3    package="com.app1"
4    android:versionCode="1"
5    android:versionName="1.0" >
6
7    <uses-sdk
7-->src/main/AndroidManifest.xml:9:5-47
8        android:minSdkVersion="16"
8-->src/main/AndroidManifest.xml:9:5-47
9        android:targetSdkVersion="22" />
9-->src/main/AndroidManifest.xml:9:15-44
10
11    <uses-permission android:name="android.permission.INTERNET" />
11-->src/main/AndroidManifest.xml:6:5-67
11-->src/main/AndroidManifest.xml:6:22-64
12    <uses-permission android:name="android.permission.SYSTEM_ALERT_WINDOW" />
12-->src/main/AndroidManifest.xml:7:5-77
12-->src/main/AndroidManifest.xml:7:22-75
13    <uses-permission android:name="android.permission.WRITE_EXTERNAL_STORAGE" />
14    <uses-permission android:name="android.permission.READ_PHONE_STATE" />
15    <uses-permission android:name="android.permission.READ_EXTERNAL_STORAGE" />
16
17    <application
17-->src/main/AndroidManifest.xml:11:5-28:19
18        android:name="com.app1.MainApplication"
18-->src/main/AndroidManifest.xml:12:7-38
19        android:allowBackup="true"
19-->src/main/AndroidManifest.xml:13:7-33
20        android:debuggable="true"
21        android:icon="@mipmap/ic_launcher"
21-->src/main/AndroidManifest.xml:15:7-41
22        android:label="@string/app_name"
22-->src/main/AndroidManifest.xml:14:7-39
23        android:theme="@style/AppTheme" >
23-->src/main/AndroidManifest.xml:16:7-38
24        <activity
24-->src/main/AndroidManifest.xml:17:7-26:18
25            android:name="com.app1.MainActivity"
25-->src/main/AndroidManifest.xml:18:9-37
26            android:configChanges="keyboard|keyboardHidden|orientation|screenSize"
26-->src/main/AndroidManifest.xml:20:9-79
27            android:label="@string/app_name"
27-->src/main/AndroidManifest.xml:19:9-41
28            android:windowSoftInputMode="adjustResize" >
28-->src/main/AndroidManifest.xml:21:9-51
29            <intent-filter>
29-->src/main/AndroidManifest.xml:22:9-25:25
30                <action android:name="android.intent.action.MAIN" />
30-->src/main/AndroidManifest.xml:23:13-65
30-->src/main/AndroidManifest.xml:23:21-62
31
32                <category android:name="android.intent.category.LAUNCHER" />
32-->src/main/AndroidManifest.xml:24:13-73
32-->src/main/AndroidManifest.xml:24:23-70
33            </intent-filter>
34        </activity>
35        <activity android:name="com.facebook.react.devsupport.DevSettingsActivity" />
35-->src/main/AndroidManifest.xml:27:7-84
35-->src/main/AndroidManifest.xml:27:17-81
36    </application>
37
38</manifest>